mode: set
swazz-engine/internal/runner/runner.go:44.18,46.3 1 0
swazz-engine/internal/runner/runner.go:50.31,53.2 2 0
swazz-engine/internal/runner/runner.go:73.63,74.19 1 1
swazz-engine/internal/runner/runner.go:74.19,82.3 1 1
swazz-engine/internal/runner/runner.go:83.2,88.3 1 1
swazz-engine/internal/runner/runner.go:92.41,98.2 5 1
swazz-engine/internal/runner/runner.go:101.45,106.2 4 1
swazz-engine/internal/runner/runner.go:108.39,111.25 3 1
swazz-engine/internal/runner/runner.go:111.25,112.10 1 1
swazz-engine/internal/runner/runner.go:113.18,113.18 0 1
swazz-engine/internal/runner/runner.go:114.11,114.11 0 0
swazz-engine/internal/runner/runner.go:120.61,122.32 2 1
swazz-engine/internal/runner/runner.go:122.32,124.3 1 0
swazz-engine/internal/runner/runner.go:126.2,128.40 2 1
swazz-engine/internal/runner/runner.go:128.40,130.88 2 1
swazz-engine/internal/runner/runner.go:130.88,132.4 1 1
swazz-engine/internal/runner/runner.go:134.3,135.23 2 1
swazz-engine/internal/runner/runner.go:135.23,137.18 2 1
swazz-engine/internal/runner/runner.go:137.18,139.5 1 0
swazz-engine/internal/runner/runner.go:140.4,140.35 1 1
swazz-engine/internal/runner/runner.go:143.3,144.17 2 1
swazz-engine/internal/runner/runner.go:144.17,146.4 1 0
swazz-engine/internal/runner/runner.go:148.3,148.23 1 1
swazz-engine/internal/runner/runner.go:148.23,150.4 1 1
swazz-engine/internal/runner/runner.go:151.3,151.34 1 1
swazz-engine/internal/runner/runner.go:151.34,153.4 1 0
swazz-engine/internal/runner/runner.go:155.3,155.33 1 1
swazz-engine/internal/runner/runner.go:155.33,156.40 1 1
swazz-engine/internal/runner/runner.go:156.40,158.5 1 1
swazz-engine/internal/runner/runner.go:160.3,160.27 1 1
swazz-engine/internal/runner/runner.go:160.27,162.34 2 1
swazz-engine/internal/runner/runner.go:162.34,164.5 1 1
swazz-engine/internal/runner/runner.go:165.4,165.55 1 1
swazz-engine/internal/runner/runner.go:168.3,168.25 1 1
swazz-engine/internal/runner/runner.go:168.25,171.4 2 0
swazz-engine/internal/runner/runner.go:173.3,174.17 2 1
swazz-engine/internal/runner/runner.go:174.17,176.4 1 0
swazz-engine/internal/runner/runner.go:177.3,179.25 2 1
swazz-engine/internal/runner/runner.go:179.25,182.4 2 0
swazz-engine/internal/runner/runner.go:184.3,187.41 2 1
swazz-engine/internal/runner/runner.go:187.41,189.36 2 1
swazz-engine/internal/runner/runner.go:189.36,191.46 2 1
swazz-engine/internal/runner/runner.go:191.46,192.29 1 1
swazz-engine/internal/runner/runner.go:192.29,194.12 2 1
swazz-engine/internal/runner/runner.go:199.4,199.18 1 1
swazz-engine/internal/runner/runner.go:199.18,200.27 1 1
swazz-engine/internal/runner/runner.go:200.27,202.6 1 1
swazz-engine/internal/runner/runner.go:203.5,204.61 2 1
swazz-engine/internal/runner/runner.go:209.3,209.32 1 1
swazz-engine/internal/runner/runner.go:209.32,212.56 3 1
swazz-engine/internal/runner/runner.go:212.56,213.55 1 1
swazz-engine/internal/runner/runner.go:213.55,215.20 2 1
swazz-engine/internal/runner/runner.go:215.20,216.35 1 1
swazz-engine/internal/runner/runner.go:216.35,218.8 1 1
swazz-engine/internal/runner/runner.go:221.7,223.80 3 1
swazz-engine/internal/runner/runner.go:229.3,229.29 1 1
swazz-engine/internal/runner/runner.go:229.29,232.4 2 1
swazz-engine/internal/runner/runner.go:235.2,236.12 2 1
swazz-engine/internal/runner/runner.go:240.51,242.17 2 1
swazz-engine/internal/runner/runner.go:242.17,245.3 2 0
swazz-engine/internal/runner/runner.go:246.2,255.15 8 1
swazz-engine/internal/runner/runner.go:255.15,265.3 8 1
swazz-engine/internal/runner/runner.go:267.2,274.32 8 1
swazz-engine/internal/runner/runner.go:274.32,276.3 1 1
swazz-engine/internal/runner/runner.go:279.2,280.38 2 1
swazz-engine/internal/runner/runner.go:280.38,281.35 1 1
swazz-engine/internal/runner/runner.go:281.35,283.4 1 0
swazz-engine/internal/runner/runner.go:283.9,285.4 1 1
swazz-engine/internal/runner/runner.go:287.2,291.31 3 1
swazz-engine/internal/runner/runner.go:291.31,293.30 2 1
swazz-engine/internal/runner/runner.go:293.30,296.28 3 1
swazz-engine/internal/runner/runner.go:296.28,298.5 1 0
swazz-engine/internal/runner/runner.go:299.4,299.13 1 1
swazz-engine/internal/runner/runner.go:299.13,301.5 1 1
swazz-engine/internal/runner/runner.go:302.4,302.35 1 1
swazz-engine/internal/runner/runner.go:305.2,308.44 3 1
swazz-engine/internal/runner/runner.go:308.44,309.18 1 1
swazz-engine/internal/runner/runner.go:309.18,310.9 1 0
swazz-engine/internal/runner/runner.go:313.3,317.42 4 1
swazz-engine/internal/runner/runner.go:317.42,318.19 1 1
swazz-engine/internal/runner/runner.go:318.19,319.10 1 0
swazz-engine/internal/runner/runner.go:322.4,332.39 9 1
swazz-engine/internal/runner/runner.go:332.39,334.5 1 0
swazz-engine/internal/runner/runner.go:335.4,335.29 1 1
swazz-engine/internal/runner/runner.go:335.29,337.5 1 1
swazz-engine/internal/runner/runner.go:340.4,341.42 2 1
swazz-engine/internal/runner/runner.go:341.42,342.42 1 0
swazz-engine/internal/runner/runner.go:342.42,344.6 1 0
swazz-engine/internal/runner/runner.go:346.4,359.45 9 1
swazz-engine/internal/runner/runner.go:359.45,360.20 1 1
swazz-engine/internal/runner/runner.go:360.20,361.11 1 0
swazz-engine/internal/runner/runner.go:364.5,369.29 5 1
swazz-engine/internal/runner/runner.go:369.29,370.48 1 0
swazz-engine/internal/runner/runner.go:370.48,378.58 5 0
swazz-engine/internal/runner/runner.go:378.58,381.16 3 0
swazz-engine/internal/runner/runner.go:384.7,384.23 1 0
swazz-engine/internal/runner/runner.go:384.23,386.8 1 0
swazz-engine/internal/runner/runner.go:386.13,388.8 1 0
swazz-engine/internal/runner/runner.go:390.7,394.22 4 0
swazz-engine/internal/runner/runner.go:394.22,395.36 1 0
swazz-engine/internal/runner/runner.go:395.36,397.14 2 0
swazz-engine/internal/runner/runner.go:399.8,399.26 1 0
swazz-engine/internal/runner/runner.go:400.13,402.13 2 0
swazz-engine/internal/runner/runner.go:405.11,406.21 1 1
swazz-engine/internal/runner/runner.go:406.21,408.7 1 1
swazz-engine/internal/runner/runner.go:411.5,411.20 1 1
swazz-engine/internal/runner/runner.go:411.20,413.14 2 0
swazz-engine/internal/runner/runner.go:415.5,415.20 1 1
swazz-engine/internal/runner/runner.go:415.20,417.6 1 1
swazz-engine/internal/runner/runner.go:420.5,420.36 1 1
swazz-engine/internal/runner/runner.go:420.36,422.6 1 0
swazz-engine/internal/runner/runner.go:423.5,423.20 1 1
swazz-engine/internal/runner/runner.go:423.20,424.11 1 0
swazz-engine/internal/runner/runner.go:427.5,435.15 7 1
swazz-engine/internal/runner/runner.go:435.15,436.19 1 1
swazz-engine/internal/runner/runner.go:436.19,439.7 2 1
swazz-engine/internal/runner/runner.go:442.6,446.48 3 1
swazz-engine/internal/runner/runner.go:446.48,452.35 3 0
swazz-engine/internal/runner/runner.go:452.35,454.8 1 0
swazz-engine/internal/runner/runner.go:457.6,481.65 8 1
swazz-engine/internal/runner/runner.go:484.5,484.18 1 1
swazz-engine/internal/runner/runner.go:484.18,486.6 1 0
swazz-engine/internal/runner/runner.go:489.4,494.63 5 1
swazz-engine/internal/runner/runner.go:498.2,498.12 1 1
swazz-engine/internal/runner/runner.go:502.25,506.21 4 0
swazz-engine/internal/runner/runner.go:506.21,508.3 1 0
swazz-engine/internal/runner/runner.go:509.2,509.15 1 0
swazz-engine/internal/runner/runner.go:513.26,515.17 2 0
swazz-engine/internal/runner/runner.go:515.17,517.3 1 0
swazz-engine/internal/runner/runner.go:518.2,518.15 1 0
swazz-engine/internal/runner/runner.go:522.27,526.2 3 0
swazz-engine/internal/runner/runner.go:529.35,533.2 3 0
swazz-engine/internal/runner/runner.go:536.46,546.2 8 1
swazz-engine/internal/runner/runner.go:550.33,554.2 3 1
swazz-engine/internal/runner/runner.go:556.32,560.2 3 1
swazz-engine/internal/runner/runner.go:571.23,577.26 2 1
swazz-engine/internal/runner/runner.go:577.26,579.33 2 0
swazz-engine/internal/runner/runner.go:579.33,581.21 2 0
swazz-engine/internal/runner/runner.go:581.21,583.5 1 0
swazz-engine/internal/runner/runner.go:584.4,584.20 1 0
swazz-engine/internal/runner/runner.go:586.3,586.36 1 0
swazz-engine/internal/runner/runner.go:586.36,588.4 1 0
swazz-engine/internal/runner/runner.go:588.9,590.4 1 0
swazz-engine/internal/runner/runner.go:594.2,596.37 3 1
swazz-engine/internal/runner/runner.go:596.37,598.3 1 0
swazz-engine/internal/runner/runner.go:599.2,599.28 1 1
swazz-engine/internal/runner/runner.go:599.28,601.3 1 0
swazz-engine/internal/runner/runner.go:603.2,604.23 2 1
swazz-engine/internal/runner/runner.go:604.23,606.3 1 1
swazz-engine/internal/runner/runner.go:607.2,608.31 2 1
swazz-engine/internal/runner/runner.go:608.31,609.43 1 0
swazz-engine/internal/runner/runner.go:609.43,611.9 2 0
swazz-engine/internal/runner/runner.go:614.2,614.49 1 1
swazz-engine/internal/runner/runner.go:614.49,616.3 1 0
swazz-engine/internal/runner/runner.go:618.2,619.20 2 1
swazz-engine/internal/runner/runner.go:619.20,621.3 1 1
swazz-engine/internal/runner/runner.go:623.2,623.32 1 1
swazz-engine/internal/runner/runner.go:623.32,628.31 4 1
swazz-engine/internal/runner/runner.go:628.31,629.62 1 0
swazz-engine/internal/runner/runner.go:629.62,630.46 1 0
swazz-engine/internal/runner/runner.go:630.46,632.26 2 0
swazz-engine/internal/runner/runner.go:632.26,634.7 1 0
swazz-engine/internal/runner/runner.go:635.6,636.38 2 0
swazz-engine/internal/runner/runner.go:639.4,639.25 1 0
swazz-engine/internal/runner/runner.go:639.25,643.5 3 0
swazz-engine/internal/runner/runner.go:646.3,647.17 2 1
swazz-engine/internal/runner/runner.go:647.17,654.4 2 1
swazz-engine/internal/runner/runner.go:656.3,656.35 1 1
swazz-engine/internal/runner/runner.go:656.35,658.4 1 0
swazz-engine/internal/runner/runner.go:659.3,659.23 1 1
swazz-engine/internal/runner/runner.go:659.23,661.30 2 0
swazz-engine/internal/runner/runner.go:661.30,663.5 1 0
swazz-engine/internal/runner/runner.go:664.4,664.55 1 0
swazz-engine/internal/runner/runner.go:667.3,667.30 1 1
swazz-engine/internal/runner/runner.go:667.30,670.4 2 0
swazz-engine/internal/runner/runner.go:672.3,677.44 5 1
swazz-engine/internal/runner/runner.go:677.44,680.4 2 0
swazz-engine/internal/runner/runner.go:682.3,682.17 1 1
swazz-engine/internal/runner/runner.go:682.17,684.24 2 0
swazz-engine/internal/runner/runner.go:684.24,686.5 1 0
swazz-engine/internal/runner/runner.go:687.4,691.5 1 0
swazz-engine/internal/runner/runner.go:694.3,697.58 2 1
swazz-engine/internal/runner/runner.go:697.58,700.11 3 0
swazz-engine/internal/runner/runner.go:701.40,702.13 1 0
swazz-engine/internal/runner/runner.go:703.22,708.6 1 0
swazz-engine/internal/runner/runner.go:712.3,713.29 2 1
swazz-engine/internal/runner/runner.go:713.29,717.21 4 0
swazz-engine/internal/runner/runner.go:717.21,719.52 2 0
swazz-engine/internal/runner/runner.go:719.52,721.6 1 0
swazz-engine/internal/runner/runner.go:721.11,723.6 1 0
swazz-engine/internal/runner/runner.go:725.4,725.20 1 0
swazz-engine/internal/runner/runner.go:726.9,728.4 1 1
swazz-engine/internal/runner/runner.go:730.3,735.4 1 1
swazz-engine/internal/runner/runner.go:739.58,747.33 6 1
swazz-engine/internal/runner/runner.go:747.33,749.3 1 0
swazz-engine/internal/runner/runner.go:750.2,752.36 2 1
swazz-engine/internal/runner/runner.go:752.36,754.3 1 0
swazz-engine/internal/runner/runner.go:755.2,755.52 1 1
swazz-engine/internal/runner/runner.go:755.52,757.3 1 1
swazz-engine/internal/runner/runner.go:758.2,760.34 2 1
swazz-engine/internal/runner/runner.go:760.34,762.3 1 0
swazz-engine/internal/runner/runner.go:763.2,766.35 3 1
swazz-engine/internal/runner/runner.go:766.35,768.3 1 0
swazz-engine/internal/runner/runner.go:769.2,769.42 1 1
swazz-engine/internal/runner/runner.go:769.42,771.3 1 1
swazz-engine/internal/runner/runner.go:772.2,775.17 3 1
swazz-engine/internal/runner/runner.go:775.17,777.3 1 0
swazz-engine/internal/runner/runner.go:782.39,790.2 1 1
swazz-engine/internal/runner/runner.go:792.49,796.2 1 1
swazz-engine/internal/runner/runner.go:798.41,801.2 2 1
swazz-engine/internal/runner/runner.go:803.114,804.58 1 1
swazz-engine/internal/runner/runner.go:804.58,806.3 1 1
swazz-engine/internal/runner/runner.go:808.2,809.39 2 0
swazz-engine/internal/runner/runner.go:809.39,811.44 2 0
swazz-engine/internal/runner/runner.go:811.44,814.4 2 0
swazz-engine/internal/runner/runner.go:818.2,818.6 1 0
swazz-engine/internal/runner/runner.go:818.6,820.16 2 0
swazz-engine/internal/runner/runner.go:820.16,821.9 1 0
swazz-engine/internal/runner/runner.go:823.3,824.14 2 0
swazz-engine/internal/runner/runner.go:824.14,825.9 1 0
swazz-engine/internal/runner/runner.go:827.3,829.71 3 0
swazz-engine/internal/runner/runner.go:832.2,832.15 1 0
swazz-engine/internal/runner/runner.go:838.33,841.30 3 0
swazz-engine/internal/runner/runner.go:841.30,843.3 1 0
swazz-engine/internal/runner/runner.go:844.2,844.10 1 0
swazz-engine/internal/runner/runner.go:847.64,848.20 1 1
swazz-engine/internal/runner/runner.go:848.20,850.3 1 0
swazz-engine/internal/runner/runner.go:851.2,851.20 1 1
swazz-engine/internal/runner/runner.go:854.55,855.16 1 1
swazz-engine/internal/runner/runner.go:855.16,857.3 1 0
swazz-engine/internal/runner/runner.go:858.2,859.24 2 1
swazz-engine/internal/runner/runner.go:859.24,861.3 1 1
swazz-engine/internal/runner/runner.go:862.2,862.12 1 1
swazz-engine/internal/runner/runner.go:865.97,866.16 1 1
swazz-engine/internal/runner/runner.go:866.16,868.3 1 0
swazz-engine/internal/runner/runner.go:869.2,870.24 2 1
swazz-engine/internal/runner/runner.go:870.24,872.3 1 1
swazz-engine/internal/runner/runner.go:873.2,873.12 1 1
swazz-engine/internal/runner/runner.go:876.77,877.16 1 1
swazz-engine/internal/runner/runner.go:877.16,879.3 1 0
swazz-engine/internal/runner/runner.go:880.2,881.24 2 1
swazz-engine/internal/runner/runner.go:881.24,883.3 1 1
swazz-engine/internal/runner/runner.go:884.2,884.12 1 1
swazz-engine/internal/runner/runner.go:887.116,888.16 1 1
swazz-engine/internal/runner/runner.go:888.16,890.3 1 0
swazz-engine/internal/runner/runner.go:891.2,892.24 2 1
swazz-engine/internal/runner/runner.go:892.24,894.3 1 1
swazz-engine/internal/runner/runner.go:895.2,895.12 1 1
swazz-engine/internal/runner/runner.go:902.58,904.29 2 0
swazz-engine/internal/runner/runner.go:904.29,906.3 1 0
swazz-engine/internal/runner/runner.go:907.2,921.3 1 0
swazz-engine/internal/runner/runner.go:927.43,928.14 1 0
swazz-engine/internal/runner/runner.go:928.14,930.3 1 0
swazz-engine/internal/runner/runner.go:931.2,933.18 3 0
swazz-engine/internal/runner/runner.go:936.43,937.25 1 0
swazz-engine/internal/runner/runner.go:938.14,939.24 1 0
swazz-engine/internal/runner/runner.go:939.24,941.4 1 0
swazz-engine/internal/runner/runner.go:942.3,942.13 1 0
swazz-engine/internal/runner/runner.go:943.22,945.25 2 0
swazz-engine/internal/runner/runner.go:945.25,947.4 1 0
swazz-engine/internal/runner/runner.go:948.3,948.13 1 0
swazz-engine/internal/runner/runner.go:949.13,950.20 1 0
swazz-engine/internal/runner/runner.go:950.20,952.26 2 0
swazz-engine/internal/runner/runner.go:952.26,954.5 1 0
swazz-engine/internal/runner/runner.go:955.4,955.14 1 0
swazz-engine/internal/runner/runner.go:958.3,962.13 5 0
swazz-engine/internal/runner/runner.go:963.10,964.11 1 0
swazz-engine/internal/runner/runner.go:969.60,972.29 3 1
swazz-engine/internal/runner/runner.go:972.29,973.44 1 1
swazz-engine/internal/runner/runner.go:973.44,975.4 1 1
swazz-engine/internal/runner/runner.go:975.9,977.4 1 0
swazz-engine/internal/runner/runner.go:978.3,978.21 1 1
swazz-engine/internal/runner/runner.go:978.21,980.4 1 0
swazz-engine/internal/runner/runner.go:981.3,981.24 1 1
swazz-engine/internal/runner/runner.go:981.24,983.4 1 1
swazz-engine/internal/runner/runner.go:985.2,985.12 1 0
